<?xml version="1.0" encoding="utf-8"?>
<shfbBuild product="Sandcastle Help File Builder and Tools" version="2015.7.25.0" projectFile="C:\Users\tgeiger\Documents\GitHubVisualStudio\TG.JSON\Documentation\Documentation.shfbproj" started="10/18/2016 3:45:37 PM">
<buildStep step="Initializing">
Finding tools...
The Sandcastle tools are located in &#39;C:\Program Files (x86)\EWSoftware\Sandcastle Help File Builder\&#39;
Searching for HTML Help 1 compiler...
Found HTML Help 1 compiler in &#39;C:\Program Files (x86)\HTML Help Workshop\&#39;
Locating components in the following folder(s):
    C:\Users\tgeiger\Documents\GitHubVisualStudio\TG.JSON\Documentation
    C:\ProgramData\EWSoftware\Sandcastle Help File Builder\Components and Plug-Ins\
    C:\Program Files (x86)\EWSoftware\Sandcastle Help File Builder\
Framework reflection data location: C:\Program Files (x86)\EWSoftware\Sandcastle Help File Builder\Data\.NETFramework
Using presentation style &#39;VS2013&#39; located in &#39;C:\Program Files (x86)\EWSoftware\Sandcastle Help File Builder\PresentationStyles\VS2013&#39;
Loading and initializing plug-ins...
Lightweight Website Style Version 2015.7.25.0
Copyright &#169; 2006-2015, Eric Woodruff, All Rights Reserved
Portions Copyright &#169; 2014, Sam Harwell, All Rights Reserved
</buildStep>
<buildStep step="ValidatingDocumentationSources">
Validating and copying documentation source information
Source: C:\Users\tgeiger\Documents\GitHubVisualStudio\TG.JSON\TG.JSON\TG.JSON.csproj
    Found project &#39;C:\Users\tgeiger\Documents\GitHubVisualStudio\TG.JSON\TG.JSON\TG.JSON.csproj&#39;

Parsing project files
    Found assembly &#39;C:\Users\tgeiger\Documents\GitHubVisualStudio\TG.JSON\TG.JSON\bin\Debug\TG.JSON.dll&#39;

References to include (excluding framework assemblies):
    None

Copying XML comments files
    C:\Users\tgeiger\Documents\GitHubVisualStudio\TG.JSON\TG.JSON\bin\Debug\TG.JSON.xml -&gt; C:\Users\tgeiger\Documents\GitHubVisualStudio\TG.JSON\Documentation\Help\Working\TG.JSON.xml
</buildStep>
<buildStep step="GenerateSharedContent">
Generating shared content files (en-US, English (United States))...
<plugIn name="Lightweight Website Style" behavior="After" priority="1000">
</plugIn>    Last step completed in 00:00:00.0336
</buildStep>
<buildStep step="GenerateApiFilter">
Generating API filter for MRefBuilder...
    Last step completed in 00:00:00.0085
</buildStep>
<buildStep step="GenerateReflectionInfo">
Generating reflection information...
[C:\Program Files (x86)\MSBuild\12.0\bin\amd64\MSBuild.exe - GenerateRefInfo.proj]
Build started 10/18/2016 3:45:39 PM.
Project &quot;C:\Users\tgeiger\Documents\GitHubVisualStudio\TG.JSON\Documentation\Help\Working\GenerateRefInfo.proj&quot; on node 1 (default targets).
PrepareForBuild:
  Creating directory &quot;obj\Debug\&quot;.
GenerateRefInfo:
  MRefBuilder (v2015.7.25.0)
  Copyright c 2006-2015, Microsoft Corporation, All Rights Reserved.
  Portions Copyright c 2006-2015, Eric Woodruff, All Rights Reserved.
  Loaded 1 assemblies for reflection and 0 dependency assemblies.
  Wrote information on 1 namespaces, 21 types, and 299 members
  Copying file from &quot;reflection.org&quot; to &quot;reflection.all&quot;.
  XslTransform (v2015.7.25.0)
  Copyright c 2006-2015, Microsoft Corporation, All Rights Reserved.
  Portions Copyright c 2006-2015, Eric Woodruff, All Rights Reserved.
  Applying XSL transformation &#39;C:\Program Files (x86)\EWSoftware\Sandcastle Help File Builder\ProductionTransforms\MergeDuplicates.xsl&#39;.
Done Building Project &quot;C:\Users\tgeiger\Documents\GitHubVisualStudio\TG.JSON\Documentation\Help\Working\GenerateRefInfo.proj&quot; (default targets).

Build succeeded.

Time Elapsed 00:00:08.68
    Last step completed in 00:00:09.1637
</buildStep>
<buildStep step="TransformReflectionInfo">
Transforming reflection output...
[C:\Program Files (x86)\MSBuild\12.0\bin\amd64\MSBuild.exe - TransformManifest.proj]
Build started 10/18/2016 3:45:48 PM.
Project &quot;C:\Users\tgeiger\Documents\GitHubVisualStudio\TG.JSON\Documentation\Help\Working\TransformManifest.proj&quot; on node 1 (default targets).
TransformManifest:
  XslTransform (v2015.7.25.0)
  Copyright c 2006-2015, Microsoft Corporation, All Rights Reserved.
  Portions Copyright c 2006-2015, Eric Woodruff, All Rights Reserved.
  Applying XSL transformation &#39;C:\Program Files (x86)\EWSoftware\Sandcastle Help File Builder\\ProductionTransforms\ApplyVSDocModel.xsl&#39;.
  Copying file from &quot;reflection.xml&quot; to &quot;reflection.nofilenames&quot;.
  XslTransform (v2015.7.25.0)
  Copyright c 2006-2015, Microsoft Corporation, All Rights Reserved.
  Portions Copyright c 2006-2015, Eric Woodruff, All Rights Reserved.
  Applying XSL transformation &#39;C:\Program Files (x86)\EWSoftware\Sandcastle Help File Builder\ProductionTransforms\AddFilenames.xsl&#39;.
  XslTransform (v2015.7.25.0)
  Copyright c 2006-2015, Microsoft Corporation, All Rights Reserved.
  Portions Copyright c 2006-2015, Eric Woodruff, All Rights Reserved.
  Applying XSL transformation &#39;C:\Program Files (x86)\EWSoftware\Sandcastle Help File Builder\ProductionTransforms\ReflectionToManifest.xsl&#39;.
Done Building Project &quot;C:\Users\tgeiger\Documents\GitHubVisualStudio\TG.JSON\Documentation\Help\Working\TransformManifest.proj&quot; (default targets).

Build succeeded.

Time Elapsed 00:00:01.12
    Last step completed in 00:00:01.5355
</buildStep>
<buildStep step="GenerateNamespaceSummaries">
Generating namespace summary information...
    Last step completed in 00:00:00.0197
</buildStep>
<buildStep step="GenerateInheritedDocumentation">
Generating inherited documentation...
[C:\Program Files (x86)\MSBuild\12.0\bin\amd64\MSBuild.exe - GenerateInheritedDocs.proj]
Sandcastle Help File Builder and Tools, version 2015.7.25.0
Copyright c 2006-2015, Eric Woodruff, All Rights Reserved
E-Mail: Eric@EWoodruff.us

Reflection information will be retrieved from &#39;reflection.xml&#39;
Inherited documentation will be written to &#39;_InheritedDocs_.xml&#39;
Indexing C:\Users\tgeiger\Documents\GitHubVisualStudio\TG.JSON\Documentation\Help\Working\TG.JSON.xml
Indexed 319 members in 1 file(s).  1 file(s) to scan for &lt;inheritdoc /&gt; tags.
Merging inherited documentation...

SHFB: Warning GID0006: No comments found for member &#39;E:TG.JSON.JsonArray.PropertyChanged&#39; in &#39;summary&#39;
SHFB: Warning GID0006: No comments found for member &#39;E:TG.JSON.JsonArrayBindingSource.ListChanged&#39; in &#39;summary&#39;

Documentation merged successfully
    Last step completed in 00:00:00.9631
</buildStep>
<buildStep step="CopyAdditionalContent">
Copying additional content files...
C:\Users\tgeiger\Documents\GitHubVisualStudio\TG.JSON\Documentation\icons\Help.png -&gt; C:\Users\tgeiger\Documents\GitHubVisualStudio\TG.JSON\Documentation\Help\Working\Output\HtmlHelp1\icons\Help.png
    Last step completed in 00:00:00.0075
</buildStep>
<buildStep step="MergeTablesOfContents">
Merging conceptual and additional tables of contents...
    Last step completed in 00:00:00.0005
</buildStep>
<buildStep step="GenerateIntermediateTableOfContents">
Generating intermediate table of contents file...
[C:\Program Files (x86)\MSBuild\12.0\bin\amd64\MSBuild.exe - GenerateIntermediateTOC.proj]
Build started 10/18/2016 3:45:50 PM.
Project &quot;C:\Users\tgeiger\Documents\GitHubVisualStudio\TG.JSON\Documentation\Help\Working\GenerateIntermediateTOC.proj&quot; on node 1 (default targets).
GenerateIntermediateTOC:
  XslTransform (v2015.7.25.0)
  Copyright c 2006-2015, Microsoft Corporation, All Rights Reserved.
  Portions Copyright c 2006-2015, Eric Woodruff, All Rights Reserved.
  Applying XSL transformation &#39;C:\Program Files (x86)\EWSoftware\Sandcastle Help File Builder\\ProductionTransforms\CreateVSToc.xsl&#39;.
Done Building Project &quot;C:\Users\tgeiger\Documents\GitHubVisualStudio\TG.JSON\Documentation\Help\Working\GenerateIntermediateTOC.proj&quot; (default targets).

Build succeeded.

Time Elapsed 00:00:00.73
Generating conceptual content intermediate TOC file...
    Last step completed in 00:00:01.1514
</buildStep>
<buildStep step="CreateBuildAssemblerConfigs">
Creating Sandcastle configuration files...
    sandcastle.config
    Last step completed in 00:00:00.1045
</buildStep>
<buildStep step="MergeCustomConfigs">
Merging custom build component configurations
C:\Users\tgeiger\Documents\GitHubVisualStudio\TG.JSON\Documentation\Help\Working\sandcastle.config
    Replacing default configuration for &#39;Code Block Component&#39; with the custom configuration
    Last step completed in 00:00:00.0135
</buildStep>
<buildStep step="BuildReferenceTopics">
Building reference help topics...
[C:\Program Files (x86)\MSBuild\12.0\bin\amd64\MSBuild.exe - BuildReferenceTopics.proj]
Build started 10/18/2016 3:45:51 PM.
Project &quot;C:\Users\tgeiger\Documents\GitHubVisualStudio\TG.JSON\Documentation\Help\Working\BuildReferenceTopics.proj&quot; on node 1 (default targets).
BuildReferenceTopics:
  BuildAssembler (v2015.7.25.0)
  Copyright c 2006-2015, Microsoft Corporation, All Rights Reserved.
  Portions Copyright c 2006-2015, Eric Woodruff, All Rights Reserved.
  Loading configuration...
  Processing topics...
BuildAssembler : warning : ShowMissingComponent: [E:TG.JSON.JsonArray.PropertyChanged] Missing &lt;summary&gt; documentation [C:\Users\tgeiger\Documents\GitHubVisualStudio\TG.JSON\Documentation\Help\Working\BuildReferenceTopics.proj]
BuildAssembler : warning : ShowMissingComponent: [E:TG.JSON.JsonArrayBindingSource.ListChanged] Missing &lt;summary&gt; documentation [C:\Users\tgeiger\Documents\GitHubVisualStudio\TG.JSON\Documentation\Help\Working\BuildReferenceTopics.proj]
BuildAssembler : warning : ShowMissingComponent: [T:TG.JSON.JsonConverter] Missing &lt;summary&gt; documentation [C:\Users\tgeiger\Documents\GitHubVisualStudio\TG.JSON\Documentation\Help\Working\BuildReferenceTopics.proj]
BuildAssembler : warning : ShowMissingComponent: [M:TG.JSON.JsonConverter.Deserialize(System.Collections.Generic.IDictionary{System.String,System.Object},System.Type,System.Web.Script.Serialization.JavaScriptSerializer)] Missing &lt;summary&gt; documentation [C:\Users\tgeiger\Documents\GitHubVisualStudio\TG.JSON\Documentation\Help\Working\BuildReferenceTopics.proj]
BuildAssembler : warning : ShowMissingComponent: [M:TG.JSON.JsonConverter.Deserialize(System.Collections.Generic.IDictionary{System.String,System.Object},System.Type,System.Web.Script.Serialization.JavaScriptSerializer)] Missing &lt;param name=&quot;dictionary&quot;/&gt; documentation [C:\Users\tgeiger\Documents\GitHubVisualStudio\TG.JSON\Documentation\Help\Working\BuildReferenceTopics.proj]
BuildAssembler : warning : ShowMissingComponent: [M:TG.JSON.JsonConverter.Deserialize(System.Collections.Generic.IDictionary{System.String,System.Object},System.Type,System.Web.Script.Serialization.JavaScriptSerializer)] Missing &lt;param name=&quot;type&quot;/&gt; documentation [C:\Users\tgeiger\Documents\GitHubVisualStudio\TG.JSON\Documentation\Help\Working\BuildReferenceTopics.proj]
BuildAssembler : warning : ShowMissingComponent: [M:TG.JSON.JsonConverter.Deserialize(System.Collections.Generic.IDictionary{System.String,System.Object},System.Type,System.Web.Script.Serialization.JavaScriptSerializer)] Missing &lt;param name=&quot;serializer&quot;/&gt; documentation [C:\Users\tgeiger\Documents\GitHubVisualStudio\TG.JSON\Documentation\Help\Working\BuildReferenceTopics.proj]
BuildAssembler : warning : ShowMissingComponent: [M:TG.JSON.JsonConverter.Serialize(System.Object,System.Web.Script.Serialization.JavaScriptSerializer)] Missing &lt;summary&gt; documentation [C:\Users\tgeiger\Documents\GitHubVisualStudio\TG.JSON\Documentation\Help\Working\BuildReferenceTopics.proj]
BuildAssembler : warning : ShowMissingComponent: [M:TG.JSON.JsonConverter.Serialize(System.Object,System.Web.Script.Serialization.JavaScriptSerializer)] Missing &lt;param name=&quot;obj&quot;/&gt; documentation [C:\Users\tgeiger\Documents\GitHubVisualStudio\TG.JSON\Documentation\Help\Working\BuildReferenceTopics.proj]
BuildAssembler : warning : ShowMissingComponent: [M:TG.JSON.JsonConverter.Serialize(System.Object,System.Web.Script.Serialization.JavaScriptSerializer)] Missing &lt;param name=&quot;serializer&quot;/&gt; documentation [C:\Users\tgeiger\Documents\GitHubVisualStudio\TG.JSON\Documentation\Help\Working\BuildReferenceTopics.proj]
BuildAssembler : warning : ShowMissingComponent: [P:TG.JSON.JsonConverter.SupportedTypes] Missing &lt;summary&gt; documentation [C:\Users\tgeiger\Documents\GitHubVisualStudio\TG.JSON\Documentation\Help\Working\BuildReferenceTopics.proj]
BuildAssembler : warning : ShowMissingComponent: [T:TG.JSON.JsonDynamicObject] Missing &lt;summary&gt; documentation [C:\Users\tgeiger\Documents\GitHubVisualStudio\TG.JSON\Documentation\Help\Working\BuildReferenceTopics.proj]
BuildAssembler : warning : ShowMissingComponent: [P:TG.JSON.JsonDynamicObject.Properties] Missing &lt;summary&gt; documentation [C:\Users\tgeiger\Documents\GitHubVisualStudio\TG.JSON\Documentation\Help\Working\BuildReferenceTopics.proj]
BuildAssembler : warning : ShowMissingComponent: [M:TG.JSON.JsonDynamicObject.ToString] Missing &lt;summary&gt; documentation [C:\Users\tgeiger\Documents\GitHubVisualStudio\TG.JSON\Documentation\Help\Working\BuildReferenceTopics.proj]
BuildAssembler : warning : ShowMissingComponent: [M:TG.JSON.JsonDynamicObject.ToString(TG.JSON.Formatting)] Missing &lt;summary&gt; documentation [C:\Users\tgeiger\Documents\GitHubVisualStudio\TG.JSON\Documentation\Help\Working\BuildReferenceTopics.proj]
BuildAssembler : warning : ShowMissingComponent: [M:TG.JSON.JsonDynamicObject.ToString(TG.JSON.Formatting)] Missing &lt;param name=&quot;format&quot;/&gt; documentation [C:\Users\tgeiger\Documents\GitHubVisualStudio\TG.JSON\Documentation\Help\Working\BuildReferenceTopics.proj]
BuildAssembler : warning : ShowMissingComponent: [M:TG.JSON.JsonNull.op_Explicit(TG.JSON.JsonNull)~System.String] Missing &lt;param name=&quot;value&quot;/&gt; documentation [C:\Users\tgeiger\Documents\GitHubVisualStudio\TG.JSON\Documentation\Help\Working\BuildReferenceTopics.proj]
  Processed 392 topic(s)
  17 warning(s)
  CopyFromIndexComponent: &quot;reflection&quot; in-memory cache entries used: 8 of 15.
  CopyFromIndexComponent: &quot;comments&quot; in-memory cache entries used: 2 of 30.
  ResolveReferenceLinksComponent: New MSDN content ID cache size: 162 entries
Done Building Project &quot;C:\Users\tgeiger\Documents\GitHubVisualStudio\TG.JSON\Documentation\Help\Working\BuildReferenceTopics.proj&quot; (default targets).

Build succeeded.

Time Elapsed 00:00:09.31
    Last step completed in 00:00:09.7611
</buildStep>
<buildStep step="CombiningIntermediateTocFiles">
Combining conceptual and API intermediate TOC files...
    Last step completed in 00:00:00.0085
</buildStep>
<buildStep step="ExtractingHtmlInfo">
Extracting HTML info for HTML Help 1 and/or website...
[C:\Program Files (x86)\MSBuild\12.0\bin\amd64\MSBuild.exe - ExtractHtmlInfo.proj]
Sandcastle Help File Builder and Tools, version 2015.7.25.0
Copyright c 2006-2015, Eric Woodruff, All Rights Reserved
E-Mail: Eric@EWoodruff.us

Using LCID &#39;1033&#39;, code page &#39;65001&#39;, encoding charset &#39;UTF-8&#39;.

Processing Help 1 files in C:\Users\tgeiger\Documents\GitHubVisualStudio\TG.JSON\Documentation\Help\Working\Output\HtmlHelp1
Processed 392 HTML files
Sorting keywords and generating See Also indices
Saving HTML Help 1 keyword index to C:\Users\tgeiger\Documents\GitHubVisualStudio\TG.JSON\Documentation\Help\Working\TG.JSON.hhk
Saving HTML Help 1 table of contents to C:\Users\tgeiger\Documents\GitHubVisualStudio\TG.JSON\Documentation\Help\Working\TG.JSON.hhc
    Last step completed in 00:00:01.2026
</buildStep>
<buildStep step="CopyStandardHelpContent">
Copying standard help content...
C:\Program Files (x86)\EWSoftware\Sandcastle Help File Builder\PresentationStyles\VS2013\icons\AlertCaution.png -&gt; C:\Users\tgeiger\Documents\GitHubVisualStudio\TG.JSON\Documentation\Help\Working\Output\HtmlHelp1\icons\AlertCaution.png
C:\Program Files (x86)\EWSoftware\Sandcastle Help File Builder\PresentationStyles\VS2013\icons\AlertNote.png -&gt; C:\Users\tgeiger\Documents\GitHubVisualStudio\TG.JSON\Documentation\Help\Working\Output\HtmlHelp1\icons\AlertNote.png
C:\Program Files (x86)\EWSoftware\Sandcastle Help File Builder\PresentationStyles\VS2013\icons\AlertSecurity.png -&gt; C:\Users\tgeiger\Documents\GitHubVisualStudio\TG.JSON\Documentation\Help\Working\Output\HtmlHelp1\icons\AlertSecurity.png
C:\Program Files (x86)\EWSoftware\Sandcastle Help File Builder\PresentationStyles\VS2013\icons\CFW.gif -&gt; C:\Users\tgeiger\Documents\GitHubVisualStudio\TG.JSON\Documentation\Help\Working\Output\HtmlHelp1\icons\CFW.gif
C:\Program Files (x86)\EWSoftware\Sandcastle Help File Builder\PresentationStyles\VS2013\icons\CodeExample.png -&gt; C:\Users\tgeiger\Documents\GitHubVisualStudio\TG.JSON\Documentation\Help\Working\Output\HtmlHelp1\icons\CodeExample.png
C:\Program Files (x86)\EWSoftware\Sandcastle Help File Builder\PresentationStyles\VS2013\icons\favicon.ico -&gt; C:\Users\tgeiger\Documents\GitHubVisualStudio\TG.JSON\Documentation\Help\Working\Output\HtmlHelp1\icons\favicon.ico
C:\Program Files (x86)\EWSoftware\Sandcastle Help File Builder\PresentationStyles\VS2013\icons\privclass.gif -&gt; C:\Users\tgeiger\Documents\GitHubVisualStudio\TG.JSON\Documentation\Help\Working\Output\HtmlHelp1\icons\privclass.gif
C:\Program Files (x86)\EWSoftware\Sandcastle Help File Builder\PresentationStyles\VS2013\icons\privdelegate.gif -&gt; C:\Users\tgeiger\Documents\GitHubVisualStudio\TG.JSON\Documentation\Help\Working\Output\HtmlHelp1\icons\privdelegate.gif
C:\Program Files (x86)\EWSoftware\Sandcastle Help File Builder\PresentationStyles\VS2013\icons\privenumeration.gif -&gt; C:\Users\tgeiger\Documents\GitHubVisualStudio\TG.JSON\Documentation\Help\Working\Output\HtmlHelp1\icons\privenumeration.gif
C:\Program Files (x86)\EWSoftware\Sandcastle Help File Builder\PresentationStyles\VS2013\icons\privevent.gif -&gt; C:\Users\tgeiger\Documents\GitHubVisualStudio\TG.JSON\Documentation\Help\Working\Output\HtmlHelp1\icons\privevent.gif
C:\Program Files (x86)\EWSoftware\Sandcastle Help File Builder\PresentationStyles\VS2013\icons\privextension.gif -&gt; C:\Users\tgeiger\Documents\GitHubVisualStudio\TG.JSON\Documentation\Help\Working\Output\HtmlHelp1\icons\privextension.gif
C:\Program Files (x86)\EWSoftware\Sandcastle Help File Builder\PresentationStyles\VS2013\icons\privfield.gif -&gt; C:\Users\tgeiger\Documents\GitHubVisualStudio\TG.JSON\Documentation\Help\Working\Output\HtmlHelp1\icons\privfield.gif
C:\Program Files (x86)\EWSoftware\Sandcastle Help File Builder\PresentationStyles\VS2013\icons\privinterface.gif -&gt; C:\Users\tgeiger\Documents\GitHubVisualStudio\TG.JSON\Documentation\Help\Working\Output\HtmlHelp1\icons\privinterface.gif
C:\Program Files (x86)\EWSoftware\Sandcastle Help File Builder\PresentationStyles\VS2013\icons\privmethod.gif -&gt; C:\Users\tgeiger\Documents\GitHubVisualStudio\TG.JSON\Documentation\Help\Working\Output\HtmlHelp1\icons\privmethod.gif
C:\Program Files (x86)\EWSoftware\Sandcastle Help File Builder\PresentationStyles\VS2013\icons\privproperty.gif -&gt; C:\Users\tgeiger\Documents\GitHubVisualStudio\TG.JSON\Documentation\Help\Working\Output\HtmlHelp1\icons\privproperty.gif
C:\Program Files (x86)\EWSoftware\Sandcastle Help File Builder\PresentationStyles\VS2013\icons\privstructure.gif -&gt; C:\Users\tgeiger\Documents\GitHubVisualStudio\TG.JSON\Documentation\Help\Working\Output\HtmlHelp1\icons\privstructure.gif
C:\Program Files (x86)\EWSoftware\Sandcastle Help File Builder\PresentationStyles\VS2013\icons\protclass.gif -&gt; C:\Users\tgeiger\Documents\GitHubVisualStudio\TG.JSON\Documentation\Help\Working\Output\HtmlHelp1\icons\protclass.gif
C:\Program Files (x86)\EWSoftware\Sandcastle Help File Builder\PresentationStyles\VS2013\icons\protdelegate.gif -&gt; C:\Users\tgeiger\Documents\GitHubVisualStudio\TG.JSON\Documentation\Help\Working\Output\HtmlHelp1\icons\protdelegate.gif
C:\Program Files (x86)\EWSoftware\Sandcastle Help File Builder\PresentationStyles\VS2013\icons\protenumeration.gif -&gt; C:\Users\tgeiger\Documents\GitHubVisualStudio\TG.JSON\Documentation\Help\Working\Output\HtmlHelp1\icons\protenumeration.gif
C:\Program Files (x86)\EWSoftware\Sandcastle Help File Builder\PresentationStyles\VS2013\icons\protevent.gif -&gt; C:\Users\tgeiger\Documents\GitHubVisualStudio\TG.JSON\Documentation\Help\Working\Output\HtmlHelp1\icons\protevent.gif
C:\Program Files (x86)\EWSoftware\Sandcastle Help File Builder\PresentationStyles\VS2013\icons\protextension.gif -&gt; C:\Users\tgeiger\Documents\GitHubVisualStudio\TG.JSON\Documentation\Help\Working\Output\HtmlHelp1\icons\protextension.gif
C:\Program Files (x86)\EWSoftware\Sandcastle Help File Builder\PresentationStyles\VS2013\icons\protfield.gif -&gt; C:\Users\tgeiger\Documents\GitHubVisualStudio\TG.JSON\Documentation\Help\Working\Output\HtmlHelp1\icons\protfield.gif
C:\Program Files (x86)\EWSoftware\Sandcastle Help File Builder\PresentationStyles\VS2013\icons\protinterface.gif -&gt; C:\Users\tgeiger\Documents\GitHubVisualStudio\TG.JSON\Documentation\Help\Working\Output\HtmlHelp1\icons\protinterface.gif
C:\Program Files (x86)\EWSoftware\Sandcastle Help File Builder\PresentationStyles\VS2013\icons\protmethod.gif -&gt; C:\Users\tgeiger\Documents\GitHubVisualStudio\TG.JSON\Documentation\Help\Working\Output\HtmlHelp1\icons\protmethod.gif
C:\Program Files (x86)\EWSoftware\Sandcastle Help File Builder\PresentationStyles\VS2013\icons\protoperator.gif -&gt; C:\Users\tgeiger\Documents\GitHubVisualStudio\TG.JSON\Documentation\Help\Working\Output\HtmlHelp1\icons\protoperator.gif
C:\Program Files (x86)\EWSoftware\Sandcastle Help File Builder\PresentationStyles\VS2013\icons\protproperty.gif -&gt; C:\Users\tgeiger\Documents\GitHubVisualStudio\TG.JSON\Documentation\Help\Working\Output\HtmlHelp1\icons\protproperty.gif
C:\Program Files (x86)\EWSoftware\Sandcastle Help File Builder\PresentationStyles\VS2013\icons\protstructure.gif -&gt; C:\Users\tgeiger\Documents\GitHubVisualStudio\TG.JSON\Documentation\Help\Working\Output\HtmlHelp1\icons\protstructure.gif
C:\Program Files (x86)\EWSoftware\Sandcastle Help File Builder\PresentationStyles\VS2013\icons\pubclass.gif -&gt; C:\Users\tgeiger\Documents\GitHubVisualStudio\TG.JSON\Documentation\Help\Working\Output\HtmlHelp1\icons\pubclass.gif
C:\Program Files (x86)\EWSoftware\Sandcastle Help File Builder\PresentationStyles\VS2013\icons\pubdelegate.gif -&gt; C:\Users\tgeiger\Documents\GitHubVisualStudio\TG.JSON\Documentation\Help\Working\Output\HtmlHelp1\icons\pubdelegate.gif
C:\Program Files (x86)\EWSoftware\Sandcastle Help File Builder\PresentationStyles\VS2013\icons\pubenumeration.gif -&gt; C:\Users\tgeiger\Documents\GitHubVisualStudio\TG.JSON\Documentation\Help\Working\Output\HtmlHelp1\icons\pubenumeration.gif
C:\Program Files (x86)\EWSoftware\Sandcastle Help File Builder\PresentationStyles\VS2013\icons\pubevent.gif -&gt; C:\Users\tgeiger\Documents\GitHubVisualStudio\TG.JSON\Documentation\Help\Working\Output\HtmlHelp1\icons\pubevent.gif
C:\Program Files (x86)\EWSoftware\Sandcastle Help File Builder\PresentationStyles\VS2013\icons\pubextension.gif -&gt; C:\Users\tgeiger\Documents\GitHubVisualStudio\TG.JSON\Documentation\Help\Working\Output\HtmlHelp1\icons\pubextension.gif
C:\Program Files (x86)\EWSoftware\Sandcastle Help File Builder\PresentationStyles\VS2013\icons\pubfield.gif -&gt; C:\Users\tgeiger\Documents\GitHubVisualStudio\TG.JSON\Documentation\Help\Working\Output\HtmlHelp1\icons\pubfield.gif
C:\Program Files (x86)\EWSoftware\Sandcastle Help File Builder\PresentationStyles\VS2013\icons\pubinterface.gif -&gt; C:\Users\tgeiger\Documents\GitHubVisualStudio\TG.JSON\Documentation\Help\Working\Output\HtmlHelp1\icons\pubinterface.gif
C:\Program Files (x86)\EWSoftware\Sandcastle Help File Builder\PresentationStyles\VS2013\icons\pubmethod.gif -&gt; C:\Users\tgeiger\Documents\GitHubVisualStudio\TG.JSON\Documentation\Help\Working\Output\HtmlHelp1\icons\pubmethod.gif
C:\Program Files (x86)\EWSoftware\Sandcastle Help File Builder\PresentationStyles\VS2013\icons\puboperator.gif -&gt; C:\Users\tgeiger\Documents\GitHubVisualStudio\TG.JSON\Documentation\Help\Working\Output\HtmlHelp1\icons\puboperator.gif
C:\Program Files (x86)\EWSoftware\Sandcastle Help File Builder\PresentationStyles\VS2013\icons\pubproperty.gif -&gt; C:\Users\tgeiger\Documents\GitHubVisualStudio\TG.JSON\Documentation\Help\Working\Output\HtmlHelp1\icons\pubproperty.gif
C:\Program Files (x86)\EWSoftware\Sandcastle Help File Builder\PresentationStyles\VS2013\icons\pubstructure.gif -&gt; C:\Users\tgeiger\Documents\GitHubVisualStudio\TG.JSON\Documentation\Help\Working\Output\HtmlHelp1\icons\pubstructure.gif
C:\Program Files (x86)\EWSoftware\Sandcastle Help File Builder\PresentationStyles\VS2013\icons\SectionCollapsed.png -&gt; C:\Users\tgeiger\Documents\GitHubVisualStudio\TG.JSON\Documentation\Help\Working\Output\HtmlHelp1\icons\SectionCollapsed.png
C:\Program Files (x86)\EWSoftware\Sandcastle Help File Builder\PresentationStyles\VS2013\icons\SectionExpanded.png -&gt; C:\Users\tgeiger\Documents\GitHubVisualStudio\TG.JSON\Documentation\Help\Working\Output\HtmlHelp1\icons\SectionExpanded.png
C:\Program Files (x86)\EWSoftware\Sandcastle Help File Builder\PresentationStyles\VS2013\icons\slMobile.gif -&gt; C:\Users\tgeiger\Documents\GitHubVisualStudio\TG.JSON\Documentation\Help\Working\Output\HtmlHelp1\icons\slMobile.gif
C:\Program Files (x86)\EWSoftware\Sandcastle Help File Builder\PresentationStyles\VS2013\icons\static.gif -&gt; C:\Users\tgeiger\Documents\GitHubVisualStudio\TG.JSON\Documentation\Help\Working\Output\HtmlHelp1\icons\static.gif
C:\Program Files (x86)\EWSoftware\Sandcastle Help File Builder\PresentationStyles\VS2013\icons\xna.gif -&gt; C:\Users\tgeiger\Documents\GitHubVisualStudio\TG.JSON\Documentation\Help\Working\Output\HtmlHelp1\icons\xna.gif
C:\Program Files (x86)\EWSoftware\Sandcastle Help File Builder\PresentationStyles\VS2013\scripts\branding.js -&gt; C:\Users\tgeiger\Documents\GitHubVisualStudio\TG.JSON\Documentation\Help\Working\Output\HtmlHelp1\scripts\branding.js
C:\Program Files (x86)\EWSoftware\Sandcastle Help File Builder\PresentationStyles\VS2013\styles\branding-cs-CZ.css -&gt; C:\Users\tgeiger\Documents\GitHubVisualStudio\TG.JSON\Documentation\Help\Working\Output\HtmlHelp1\styles\branding-cs-CZ.css
C:\Program Files (x86)\EWSoftware\Sandcastle Help File Builder\PresentationStyles\VS2013\styles\branding-de-DE.css -&gt; C:\Users\tgeiger\Documents\GitHubVisualStudio\TG.JSON\Documentation\Help\Working\Output\HtmlHelp1\styles\branding-de-DE.css
C:\Program Files (x86)\EWSoftware\Sandcastle Help File Builder\PresentationStyles\VS2013\styles\branding-en-US.css -&gt; C:\Users\tgeiger\Documents\GitHubVisualStudio\TG.JSON\Documentation\Help\Working\Output\HtmlHelp1\styles\branding-en-US.css
C:\Program Files (x86)\EWSoftware\Sandcastle Help File Builder\PresentationStyles\VS2013\styles\branding-es-ES.css -&gt; C:\Users\tgeiger\Documents\GitHubVisualStudio\TG.JSON\Documentation\Help\Working\Output\HtmlHelp1\styles\branding-es-ES.css
C:\Program Files (x86)\EWSoftware\Sandcastle Help File Builder\PresentationStyles\VS2013\styles\branding-fr-FR.css -&gt; C:\Users\tgeiger\Documents\GitHubVisualStudio\TG.JSON\Documentation\Help\Working\Output\HtmlHelp1\styles\branding-fr-FR.css
C:\Program Files (x86)\EWSoftware\Sandcastle Help File Builder\PresentationStyles\VS2013\styles\branding-Help1.css -&gt; C:\Users\tgeiger\Documents\GitHubVisualStudio\TG.JSON\Documentation\Help\Working\Output\HtmlHelp1\styles\branding-Help1.css
C:\Program Files (x86)\EWSoftware\Sandcastle Help File Builder\PresentationStyles\VS2013\styles\branding-HelpViewer.css -&gt; C:\Users\tgeiger\Documents\GitHubVisualStudio\TG.JSON\Documentation\Help\Working\Output\HtmlHelp1\styles\branding-HelpViewer.css
C:\Program Files (x86)\EWSoftware\Sandcastle Help File Builder\PresentationStyles\VS2013\styles\branding-it-IT.css -&gt; C:\Users\tgeiger\Documents\GitHubVisualStudio\TG.JSON\Documentation\Help\Working\Output\HtmlHelp1\styles\branding-it-IT.css
C:\Program Files (x86)\EWSoftware\Sandcastle Help File Builder\PresentationStyles\VS2013\styles\branding-ja-JP.css -&gt; C:\Users\tgeiger\Documents\GitHubVisualStudio\TG.JSON\Documentation\Help\Working\Output\HtmlHelp1\styles\branding-ja-JP.css
C:\Program Files (x86)\EWSoftware\Sandcastle Help File Builder\PresentationStyles\VS2013\styles\branding-ko-KR.css -&gt; C:\Users\tgeiger\Documents\GitHubVisualStudio\TG.JSON\Documentation\Help\Working\Output\HtmlHelp1\styles\branding-ko-KR.css
C:\Program Files (x86)\EWSoftware\Sandcastle Help File Builder\PresentationStyles\VS2013\styles\branding-pl-PL.css -&gt; C:\Users\tgeiger\Documents\GitHubVisualStudio\TG.JSON\Documentation\Help\Working\Output\HtmlHelp1\styles\branding-pl-PL.css
C:\Program Files (x86)\EWSoftware\Sandcastle Help File Builder\PresentationStyles\VS2013\styles\branding-pt-BR.css -&gt; C:\Users\tgeiger\Documents\GitHubVisualStudio\TG.JSON\Documentation\Help\Working\Output\HtmlHelp1\styles\branding-pt-BR.css
C:\Program Files (x86)\EWSoftware\Sandcastle Help File Builder\PresentationStyles\VS2013\styles\branding-ru-RU.css -&gt; C:\Users\tgeiger\Documents\GitHubVisualStudio\TG.JSON\Documentation\Help\Working\Output\HtmlHelp1\styles\branding-ru-RU.css
C:\Program Files (x86)\EWSoftware\Sandcastle Help File Builder\PresentationStyles\VS2013\styles\branding-tr-TR.css -&gt; C:\Users\tgeiger\Documents\GitHubVisualStudio\TG.JSON\Documentation\Help\Working\Output\HtmlHelp1\styles\branding-tr-TR.css
C:\Program Files (x86)\EWSoftware\Sandcastle Help File Builder\PresentationStyles\VS2013\styles\branding-Website.css -&gt; C:\Users\tgeiger\Documents\GitHubVisualStudio\TG.JSON\Documentation\Help\Working\Output\HtmlHelp1\styles\branding-Website.css
C:\Program Files (x86)\EWSoftware\Sandcastle Help File Builder\PresentationStyles\VS2013\styles\branding-zh-CN.css -&gt; C:\Users\tgeiger\Documents\GitHubVisualStudio\TG.JSON\Documentation\Help\Working\Output\HtmlHelp1\styles\branding-zh-CN.css
C:\Program Files (x86)\EWSoftware\Sandcastle Help File Builder\PresentationStyles\VS2013\styles\branding-zh-TW.css -&gt; C:\Users\tgeiger\Documents\GitHubVisualStudio\TG.JSON\Documentation\Help\Working\Output\HtmlHelp1\styles\branding-zh-TW.css
C:\Program Files (x86)\EWSoftware\Sandcastle Help File Builder\PresentationStyles\VS2013\styles\branding.css -&gt; C:\Users\tgeiger\Documents\GitHubVisualStudio\TG.JSON\Documentation\Help\Working\Output\HtmlHelp1\styles\branding.css
    Last step completed in 00:00:00.1727
</buildStep>
<buildStep step="GenerateHelpFormatTableOfContents">
Generating HTML Help 1 table of contents file...
    Last step completed in 00:00:00.0000
</buildStep>
<buildStep step="GenerateHelpFileIndex">
Generating HTML Help 1 index file...
    Last step completed in 00:00:00.0000
</buildStep>
<buildStep step="GenerateHelpProject">
Generating HTML Help 1 project file...
    Last step completed in 00:00:00.0070
</buildStep>
<buildStep step="CompilingHelpFile">
Compiling HTML Help 1 file...
[C:\Program Files (x86)\MSBuild\12.0\bin\amd64\MSBuild.exe - Build1xHelpFile.proj]
  Microsoft HTML Help Compiler 4.74.8702
  
  
  
  Compiling c:\Users\tgeiger\Documents\GitHubVisualStudio\TG.JSON\Documentation\Help\Working\Output\HtmlHelp1\TG.JSON.chm
  
  
  
  
  
  Compile time: 0 minutes, 2 seconds
  
  394	Topics
  
  5,035	Local links
  
  1,096	Internet links
  
  0	Graphics
  
  
  
  
  
  Created c:\Users\tgeiger\Documents\GitHubVisualStudio\TG.JSON\Documentation\Help\Working\Output\HtmlHelp1\TG.JSON.chm, 512,833 bytes
  
  Compression decreased file by 2,877,510 bytes.
  
    Last step completed in 00:00:03.6882
</buildStep>
<buildStep step="CleanIntermediates">
Removing intermediate files...
    Last step completed in 00:00:00.1165
</buildStep>
<buildStep step="Completed">

Build completed successfully at 10/18/2016 3:46:06 PM.  Total time: 00:00:28.7286

</buildStep>
</shfbBuild>
